<?xml version="1.0" encoding="UTF-8"?>
<testng-results ignored="0" total="1" passed="1" failed="0" skipped="0">
  <reporter-output>
  </reporter-output>
  <suite started-at="2023-06-01T14:00:35 IST" name="Jenkins UI Tests" finished-at="2023-06-01T14:00:58 IST" duration-ms="23204">
    <groups>
    </groups>
    <test started-at="2023-06-01T14:00:35 IST" name="UITest1" finished-at="2023-06-01T14:00:58 IST" duration-ms="23204">
      <class name="MavenJenkins.UITest">
        <test-method signature="startBrowser(java.lang.String)[pri:0, instance:MavenJenkins.UITest@6f3b5d16]" started-at="2023-06-01T14:00:35 IST" name="startBrowser" finished-at="2023-06-01T14:00:58 IST" duration-ms="23129" status="PASS">
          <params>
            <param index="0">
              <value>
                <![CDATA[Edge]]>
              </value>
            </param>
          </params>
          <reporter-output>
          </reporter-output>
        </test-method> <!-- startBrowser -->
      </class> <!-- MavenJenkins.UITest -->
    </test> <!-- UITest1 -->
  </suite> <!-- Jenkins UI Tests -->
</testng-results>
